[13-Jan-2020 22:18:06 Europe/Moscow] Enabled PHP logging
[13-Jan-2020 22:18:06 Europe/Moscow] Enabled PHP logging
Logger:         	MadelineProto
Logger:         	Copyright (C) 2016-2019 Daniil Gentili
Logger:         	Licensed under AGPLv3
Logger:         	https://github.com/danog/MadelineProto
API:            	Shutting down MadelineProto (normally or due to an exception, idk)
[13-Jan-2020 22:18:15 Europe/Moscow] Enabled PHP logging
[13-Jan-2020 22:18:15 Europe/Moscow] Enabled PHP logging
Logger:         	MadelineProto
Logger:         	Copyright (C) 2016-2019 Daniil Gentili
Logger:         	Licensed under AGPLv3
Logger:         	https://github.com/danog/MadelineProto
API:            	Waiting for shared lock of serialization lockfile...
API:            	Shared lock acquired, deserializing...
API:            	Shutting down MadelineProto (normally or due to an exception, idk)
API:            	Shutting down MadelineProto (normally or due to an exception, idk)
[13-Jan-2020 22:18:20 Europe/Moscow] Enabled PHP logging
[13-Jan-2020 22:18:20 Europe/Moscow] Enabled PHP logging
Logger:         	MadelineProto
Logger:         	Copyright (C) 2016-2019 Daniil Gentili
Logger:         	Licensed under AGPLv3
Logger:         	https://github.com/danog/MadelineProto
API:            	Waiting for shared lock of serialization lockfile...
API:            	Shared lock acquired, deserializing...
[13-Jan-2020 22:18:20 Europe/Moscow] Enabled PHP logging
API:            	Shutting down MadelineProto (normally or due to an exception, idk)
API:            	Shutting down MadelineProto (normally or due to an exception, idk)
[13-Jan-2020 22:18:29 Europe/Moscow] Enabled PHP logging
[13-Jan-2020 22:18:29 Europe/Moscow] Enabled PHP logging
Logger:         	MadelineProto
Logger:         	Copyright (C) 2016-2019 Daniil Gentili
Logger:         	Licensed under AGPLv3
Logger:         	https://github.com/danog/MadelineProto
API:            	Waiting for shared lock of serialization lockfile...
API:            	Shared lock acquired, deserializing...
[13-Jan-2020 22:18:29 Europe/Moscow] Enabled PHP logging
API:            	Shutting down MadelineProto (normally or due to an exception, idk)
API:            	Shutting down MadelineProto (normally or due to an exception, idk)
[13-Jan-2020 22:18:33 Europe/Moscow] Enabled PHP logging
[13-Jan-2020 22:18:33 Europe/Moscow] Enabled PHP logging
Logger:         	MadelineProto
Logger:         	Copyright (C) 2016-2019 Daniil Gentili
Logger:         	Licensed under AGPLv3
Logger:         	https://github.com/danog/MadelineProto
API:            	Waiting for shared lock of serialization lockfile...
API:            	Shared lock acquired, deserializing...
API:            	Shutting down MadelineProto (normally or due to an exception, idk)
API:            	Shutting down MadelineProto (normally or due to an exception, idk)
[13-Jan-2020 22:18:58 Europe/Moscow] Enabled PHP logging
[13-Jan-2020 22:18:58 Europe/Moscow] Enabled PHP logging
Logger:         	MadelineProto
Logger:         	Copyright (C) 2016-2019 Daniil Gentili
Logger:         	Licensed under AGPLv3
Logger:         	https://github.com/danog/MadelineProto
API:            	Waiting for shared lock of serialization lockfile...
API:            	Shared lock acquired, deserializing...
[13-Jan-2020 22:18:58 Europe/Moscow] Enabled PHP logging
TL:             	Loading TL schemes...
TL:             	Parsing TL_mtproto_v1.tl...
TL:             	CRC32 mismatch (29c1636d, 73f1f8dc) for msg_container#73f1f8dc messages:vector<%Message> = MessageContainer;
TL:             	Parsing TL_telegram_v105.tl...
TL:             	CRC32 mismatch (402d9b47, 37982646) for ipPortSecret#37982646 ipv4:int port:int secret:bytes = IpPort;
TL:             	CRC32 mismatch (020634ce, 4679b65f) for accessPointRule#4679b65f phone_prefix_rules:string dc_id:int ips:vector<IpPort> = AccessPointRule;
TL:             	CRC32 mismatch (066d2808, 5a592a6c) for help.configSimple#5a592a6c date:int expires:int rules:vector<AccessPointRule> = help.ConfigSimple;
TL:             	Parsing TL_secret.tl...
TL:             	Parsing TL_calls.tl...
TL:             	CRC32 mismatch (e8201c08, dbf948c1) for decryptedDataBlock#dbf948c1 random_id:long random_bytes:string flags:# voice_call_id:flags.2?int128 in_seq_no:flags.4?int out_seq_no:flags.4?int recent_received_mask:flags.5?int proto:flags.3?int extra:flags.1?string raw_data:flags.0?string = DecryptedDataBlock;
TL:             	CRC32 mismatch (d20a6f5c, cc0d0e76) for simpleDataBlock#cc0d0e76 random_id:long random_bytes:string raw_data:string = DecryptedDataBlock;
TL:             	Parsing TL_botAPI.tl...
TL:             	Loading TL schemes...
TL:             	Parsing TL_mtproto_v1.tl...
TL:             	CRC32 mismatch (29c1636d, 73f1f8dc) for msg_container#73f1f8dc messages:vector<%Message> = MessageContainer;
TL:             	Parsing TL_telegram_v105.tl...
TL:             	CRC32 mismatch (402d9b47, 37982646) for ipPortSecret#37982646 ipv4:int port:int secret:bytes = IpPort;
TL:             	CRC32 mismatch (020634ce, 4679b65f) for accessPointRule#4679b65f phone_prefix_rules:string dc_id:int ips:vector<IpPort> = AccessPointRule;
TL:             	CRC32 mismatch (066d2808, 5a592a6c) for help.configSimple#5a592a6c date:int expires:int rules:vector<AccessPointRule> = help.ConfigSimple;
TL:             	Parsing TL_secret.tl...
TL:             	Parsing TL_calls.tl...
TL:             	CRC32 mismatch (e8201c08, dbf948c1) for decryptedDataBlock#dbf948c1 random_id:long random_bytes:string flags:# voice_call_id:flags.2?int128 in_seq_no:flags.4?int out_seq_no:flags.4?int recent_received_mask:flags.5?int proto:flags.3?int extra:flags.1?string raw_data:flags.0?string = DecryptedDataBlock;
TL:             	CRC32 mismatch (d20a6f5c, cc0d0e76) for simpleDataBlock#cc0d0e76 random_id:long random_bytes:string raw_data:string = DecryptedDataBlock;
TL:             	Parsing TL_botAPI.tl...
DataCenter:     	Connecting to DC 2 from scratch
DataCenterConnection: 	Trying shared connection via tcp://[2001:067c:04e8:f002:0000:0000:0000:000a]:443 main DC 2, via ipv6 using AbridgedStream => BufferedRawStream => DefaultStream (-1)
Connection:     	Connecting to DC 2.0
API:            	Running APIFactory...
DataCenterConnection: 	Restoring 0 messages to DC 2
DataCenter:     	OK!
MTProto:        	Initing authorization...
MTProto:        	Initing authorization DC 2...
AuthKeyHandler: 	Generating permanent authorization key for DC 2...
AuthKeyHandler: 	Requesting pq...
ResponseHandler: 	Trying to assign a response of type ResPQ to its request...
ResponseHandler: 	Does the request of return type ResPQ match?
ResponseHandler: 	Yes
Exception:      	copy(/var/www/php-bin-php73/u0914239/.alt_prime.py): failed to open stream: Permission denied in PrimeModule.php:113
AuthKeyHandler: 	An exception occurred while generating the authorization key: copy(/var/www/php-bin-php73/u0914239/.alt_prime.py): failed to open stream: Permission denied in PrimeModule on line 113. Retrying...
AuthKeyHandler: 	Requesting pq...
ResponseHandler: 	Trying to assign a response of type ResPQ to its request...
ResponseHandler: 	Does the request of return type ResPQ match?
ResponseHandler: 	Yes
Exception:      	copy(/var/www/php-bin-php73/u0914239/.alt_prime.py): failed to open stream: Permission denied in PrimeModule.php:113
AuthKeyHandler: 	An exception occurred while generating the authorization key: copy(/var/www/php-bin-php73/u0914239/.alt_prime.py): failed to open stream: Permission denied in PrimeModule on line 113. Retrying...
AuthKeyHandler: 	Requesting pq...
ResponseHandler: 	Trying to assign a response of type ResPQ to its request...
ResponseHandler: 	Does the request of return type ResPQ match?
ResponseHandler: 	Yes
Exception:      	copy(/var/www/php-bin-php73/u0914239/.alt_prime.py): failed to open stream: Permission denied in PrimeModule.php:113
AuthKeyHandler: 	An exception occurred while generating the authorization key: copy(/var/www/php-bin-php73/u0914239/.alt_prime.py): failed to open stream: Permission denied in PrimeModule on line 113. Retrying...
AuthKeyHandler: 	Requesting pq...
ResponseHandler: 	Trying to assign a response of type ResPQ to its request...
ResponseHandler: 	Does the request of return type ResPQ match?
ResponseHandler: 	Yes
Exception:      	copy(/var/www/php-bin-php73/u0914239/.alt_prime.py): failed to open stream: Permission denied in PrimeModule.php:113
AuthKeyHandler: 	An exception occurred while generating the authorization key: copy(/var/www/php-bin-php73/u0914239/.alt_prime.py): failed to open stream: Permission denied in PrimeModule on line 113. Retrying...
AuthKeyHandler: 	Requesting pq...
ResponseHandler: 	Trying to assign a response of type ResPQ to its request...
ResponseHandler: 	Does the request of return type ResPQ match?
ResponseHandler: 	Yes
Exception:      	copy(/var/www/php-bin-php73/u0914239/.alt_prime.py): failed to open stream: Permission denied in PrimeModule.php:113
AuthKeyHandler: 	An exception occurred while generating the authorization key: copy(/var/www/php-bin-php73/u0914239/.alt_prime.py): failed to open stream: Permission denied in PrimeModule on line 113. Retrying...
MTProto:        	Done initing authorization DC 2
Tools:          	Got the following exception within a forked strand started @ AsyncConstruct:70, trying to rethrow
Tools:          	danog\MadelineProto\SecurityException: Auth Failed in phar:///var/www/u0914239/data/www/yaga.space/ezcashbot/madeline.phar/vendor/danog/madelineproto/src/danog/MadelineProto/MTProtoTools/AuthKeyHandler.php:415
Stack trace:
#0 [internal function]: danog\MadelineProto\MTProto->createAuthKey(-1, '2')
#1 phar:///var/www/u0914239/data/www/yaga.space/ezcashbot/madeline.phar/vendor/danog/madelineproto/src/danog/MadelineProto/Coroutine.php(130): Generator->send(Array)
#2 phar:///var/www/u0914239/data/www/yaga.space/ezcashbot/madeline.phar/vendor/amphp/amp/lib/Internal/Placeholder.php(107): danog\MadelineProto\Coroutine->danog\MadelineProto\{closure}(NULL, Array)
#3 phar:///var/www/u0914239/data/www/yaga.space/ezcashbot/madeline.phar/vendor/amphp/amp/lib/Deferred.php(41): class@anonymous->resolve(Array)
#4 phar:///var/www/u0914239/data/www/yaga.space/ezcashbot/madeline.phar/vendor/danog/madelineproto/src/danog/MadelineProto/MTProtoSession/ResponseHandler.php(522): Amp\Deferred->resolve(Array)
#5 [internal function]: danog\MadelineProto\MTProtoSession\Session->danog\MadelineProto\MTProtoSession\{closure}()
#6 phar:///var/www/u0914239/data/www/yaga.space/ezcashbot/madeline.phar/vendor/danog/madelineproto/src/danog/MadelineProto/Coroutine.php(73): Generator->current()
#7 phar:///var/www/u0914239/data/www/yaga.space/ezcashbot/madeline.phar/vendor/danog/madelineproto/src/danog/MadelineProto/Tools.php(419): danog\MadelineProto\Coroutine->__construct(Object(Generator))
#8 phar:///var/www/u0914239/data/www/yaga.space/ezcashbot/madeline.phar/vendor/danog/madelineproto/src/danog/MadelineProto/MTProtoSession/ResponseHandler.php(530): danog\MadelineProto\Tools::callFork(Object(Generator))
#9 phar:///var/www/u0914239/data/www/yaga.space/ezcashbot/madeline.phar/vendor/danog/madelineproto/src/danog/MadelineProto/MTProtoSession/ResponseHandler.php(257): danog\MadelineProto\MTProtoSession\Session->handleResponse('\x10\x00\x00\x00\xA3\xC2\x1C^', '\x01\\\x9C\xB7\xA3\xC2\x1C^')
#10 phar:///var/www/u0914239/data/www/yaga.space/ezcashbot/madeline.phar/vendor/amphp/amp/lib/Loop/Driver.php(99): danog\MadelineProto\MTProtoSession\Session->handleMessages('ap', NULL)
#11 phar:///var/www/u0914239/data/www/yaga.space/ezcashbot/madeline.phar/vendor/amphp/amp/lib/Loop/Driver.php(61): Amp\Loop\Driver->tick()
#12 phar:///var/www/u0914239/data/www/yaga.space/ezcashbot/madeline.phar/vendor/amphp/amp/lib/Loop.php(76): Amp\Loop\Driver->run()
#13 phar:///var/www/u0914239/data/www/yaga.space/ezcashbot/madeline.phar/vendor/danog/madelineproto/src/danog/MadelineProto/Tools.php(299): Amp\Loop::run(Object(Closure))
#14 phar:///var/www/u0914239/data/www/yaga.space/ezcashbot/madeline.phar/vendor/danog/madelineproto/src/danog/MadelineProto/Async/AsyncConstruct.php(45): danog\MadelineProto\Tools::wait(Object(danog\MadelineProto\Coroutine))
#15 phar:///var/www/u0914239/data/www/yaga.space/ezcashbot/madeline.phar/vendor/danog/madelineproto/src/danog/MadelineProto/API.php(243): danog\MadelineProto\Async\AsyncConstruct->init()
#16 [internal function]: danog\MadelineProto\API->__destruct()
#17 {main}
API:            	Shutting down MadelineProto (normally or due to an exception, idk)
Tools:          	Got the following exception within a forked strand started @ AsyncConstruct:70, trying to rethrow
Tools:          	danog\MadelineProto\SecurityException: Auth Failed in phar:///var/www/u0914239/data/www/yaga.space/ezcashbot/madeline.phar/vendor/danog/madelineproto/src/danog/MadelineProto/MTProtoTools/AuthKeyHandler.php:415
Stack trace:
#0 [internal function]: danog\MadelineProto\MTProto->createAuthKey(-1, '2')
#1 phar:///var/www/u0914239/data/www/yaga.space/ezcashbot/madeline.phar/vendor/danog/madelineproto/src/danog/MadelineProto/Coroutine.php(130): Generator->send(Array)
#2 phar:///var/www/u0914239/data/www/yaga.space/ezcashbot/madeline.phar/vendor/amphp/amp/lib/Internal/Placeholder.php(107): danog\MadelineProto\Coroutine->danog\MadelineProto\{closure}(NULL, Array)
#3 phar:///var/www/u0914239/data/www/yaga.space/ezcashbot/madeline.phar/vendor/amphp/amp/lib/Deferred.php(41): class@anonymous->resolve(Array)
#4 phar:///var/www/u0914239/data/www/yaga.space/ezcashbot/madeline.phar/vendor/danog/madelineproto/src/danog/MadelineProto/MTProtoSession/ResponseHandler.php(522): Amp\Deferred->resolve(Array)
#5 [internal function]: danog\MadelineProto\MTProtoSession\Session->danog\MadelineProto\MTProtoSession\{closure}()
#6 phar:///var/www/u0914239/data/www/yaga.space/ezcashbot/madeline.phar/vendor/danog/madelineproto/src/danog/MadelineProto/Coroutine.php(73): Generator->current()
#7 phar:///var/www/u0914239/data/www/yaga.space/ezcashbot/madeline.phar/vendor/danog/madelineproto/src/danog/MadelineProto/Tools.php(419): danog\MadelineProto\Coroutine->__construct(Object(Generator))
#8 phar:///var/www/u0914239/data/www/yaga.space/ezcashbot/madeline.phar/vendor/danog/madelineproto/src/danog/MadelineProto/MTProtoSession/ResponseHandler.php(530): danog\MadelineProto\Tools::callFork(Object(Generator))
#9 phar:///var/www/u0914239/data/www/yaga.space/ezcashbot/madeline.phar/vendor/danog/madelineproto/src/danog/MadelineProto/MTProtoSession/ResponseHandler.php(257): danog\MadelineProto\MTProtoSession\Session->handleResponse('\x10\x00\x00\x00\xA3\xC2\x1C^', '\x01\\\x9C\xB7\xA3\xC2\x1C^')
#10 phar:///var/www/u0914239/data/www/yaga.space/ezcashbot/madeline.phar/vendor/amphp/amp/lib/Loop/Driver.php(99): danog\MadelineProto\MTProtoSession\Session->handleMessages('ap', NULL)
#11 phar:///var/www/u0914239/data/www/yaga.space/ezcashbot/madeline.phar/vendor/amphp/amp/lib/Loop/Driver.php(61): Amp\Loop\Driver->tick()
#12 phar:///var/www/u0914239/data/www/yaga.space/ezcashbot/madeline.phar/vendor/amphp/amp/lib/Loop.php(76): Amp\Loop\Driver->run()
#13 phar:///var/www/u0914239/data/www/yaga.space/ezcashbot/madeline.phar/vendor/danog/madelineproto/src/danog/MadelineProto/Tools.php(299): Amp\Loop::run(Object(Closure))
#14 phar:///var/www/u0914239/data/www/yaga.space/ezcashbot/madeline.phar/vendor/danog/madelineproto/src/danog/MadelineProto/Async/AsyncConstruct.php(45): danog\MadelineProto\Tools::wait(Object(danog\MadelineProto\Coroutine))
#15 phar:///var/www/u0914239/data/www/yaga.space/ezcashbot/madeline.phar/vendor/danog/madelineproto/src/danog/MadelineProto/API.php(243): danog\MadelineProto\Async\AsyncConstruct->init()
#16 [internal function]: danog\MadelineProto\API->__destruct()
#17 {main}

Next Error: Loop exceptionally stopped without resolving the promise in phar:///var/www/u0914239/data/www/yaga.space/ezcashbot/madeline.phar/vendor/danog/madelineproto/src/danog/MadelineProto/Tools.php:301
Stack trace:
#0 phar:///var/www/u0914239/data/www/yaga.space/ezcashbot/madeline.phar/vendor/danog/madelineproto/src/danog/MadelineProto/API.php(253): danog\MadelineProto\Tools::wait(Object(danog\MadelineProto\Coroutine), true)
#1 phar:///var/www/u0914239/data/www/yaga.space/ezcashbot/madeline.phar/vendor/danog/madelineproto/src/danog/MadelineProto/API.php(299): danog\MadelineProto\API->__destruct()
#2 [internal function]: danog\MadelineProto\API->__construct_async(NULL, Array, NULL)
#3 phar:///var/www/u0914239/data/www/yaga.space/ezcashbot/madeline.phar/vendor/danog/madelineproto/src/danog/MadelineProto/Coroutine.php(127): Generator->throw(Object(danog\MadelineProto\SecurityException))
#4 phar:///var/www/u0914239/data/www/yaga.space/ezcashbot/madeline.phar/vendor/amphp/amp/lib/Failure.php(26): danog\MadelineProto\Coroutine->danog\MadelineProto\{closure}(Object(danog\MadelineProto\SecurityException), NULL)
#5 phar:///var/www/u0914239/data/www/yaga.space/ezcashbot/madeline.phar/vendor/amphp/amp/lib/Internal/Placeholder.php(103): Amp\Failure->onResolve(Object(Closure))
#6 phar:///var/www/u0914239/data/www/yaga.space/ezcashbot/madeline.phar/vendor/danog/madelineproto/src/danog/MadelineProto/Coroutine.php(176): danog\MadelineProto\Coroutine->resolve(Object(Amp\Failure))
#7 phar:///var/www/u0914239/data/www/yaga.space/ezcashbot/madeline.phar/vendor/danog/madelineproto/src/danog/MadelineProto/Coroutine.php(159): danog\MadelineProto\Coroutine->fail(Object(danog\MadelineProto\SecurityException))
#8 phar:///var/www/u0914239/data/www/yaga.space/ezcashbot/madeline.phar/vendor/amphp/amp/lib/Internal/ResolutionQueue.php(50): danog\MadelineProto\Coroutine->danog\MadelineProto\{closure}(Object(danog\MadelineProto\SecurityException), NULL)
#9 phar:///var/www/u0914239/data/www/yaga.space/ezcashbot/madeline.phar/vendor/amphp/amp/lib/Failure.php(26): Amp\Internal\ResolutionQueue->__invoke(Object(danog\MadelineProto\SecurityException), NULL)
#10 phar:///var/www/u0914239/data/www/yaga.space/ezcashbot/madeline.phar/vendor/amphp/amp/lib/Internal/Placeholder.php(103): Amp\Failure->onResolve(Object(Amp\Internal\ResolutionQueue))
#11 phar:///var/www/u0914239/data/www/yaga.space/ezcashbot/madeline.phar/vendor/danog/madelineproto/src/danog/MadelineProto/Coroutine.php(176): danog\MadelineProto\Coroutine->resolve(Object(Amp\Failure))
#12 phar:///var/www/u0914239/data/www/yaga.space/ezcashbot/madeline.phar/vendor/danog/madelineproto/src/danog/MadelineProto/Coroutine.php(159): danog\MadelineProto\Coroutine->fail(Object(danog\MadelineProto\SecurityException))
#13 phar:///var/www/u0914239/data/www/yaga.space/ezcashbot/madeline.phar/vendor/amphp/amp/lib/Failure.php(26): danog\MadelineProto\Coroutine->danog\MadelineProto\{closure}(Object(danog\MadelineProto\SecurityException), NULL)
#14 phar:///var/www/u0914239/data/www/yaga.space/ezcashbot/madeline.phar/vendor/amphp/amp/lib/Internal/Placeholder.php(103): Amp\Failure->onResolve(Object(Closure))
#15 phar:///var/www/u0914239/data/www/yaga.space/ezcashbot/madeline.phar/vendor/danog/madelineproto/src/danog/MadelineProto/Coroutine.php(176): danog\MadelineProto\Coroutine->resolve(Object(Amp\Failure))
#16 phar:///var/www/u0914239/data/www/yaga.space/ezcashbot/madeline.phar/vendor/danog/madelineproto/src/danog/MadelineProto/Coroutine.php(159): danog\MadelineProto\Coroutine->fail(Object(danog\MadelineProto\SecurityException))
#17 phar:///var/www/u0914239/data/www/yaga.space/ezcashbot/madeline.phar/vendor/amphp/amp/lib/Failure.php(26): danog\MadelineProto\Coroutine->danog\MadelineProto\{closure}(Object(danog\MadelineProto\SecurityException), NULL)
#18 phar:///var/www/u0914239/data/www/yaga.space/ezcashbot/madeline.phar/vendor/amphp/amp/lib/Internal/Placeholder.php(103): Amp\Failure->onResolve(Object(Closure))
#19 phar:///var/www/u0914239/data/www/yaga.space/ezcashbot/madeline.phar/vendor/danog/madelineproto/src/danog/MadelineProto/Coroutine.php(176): danog\MadelineProto\Coroutine->resolve(Object(Amp\Failure))
#20 phar:///var/www/u0914239/data/www/yaga.space/ezcashbot/madeline.phar/vendor/danog/madelineproto/src/danog/MadelineProto/Coroutine.php(159): danog\MadelineProto\Coroutine->fail(Object(danog\MadelineProto\SecurityException))
#21 phar:///var/www/u0914239/data/www/yaga.space/ezcashbot/madeline.phar/vendor/amphp/amp/lib/Failure.php(26): danog\MadelineProto\Coroutine->danog\MadelineProto\{closure}(Object(danog\MadelineProto\SecurityException), NULL)
#22 phar:///var/www/u0914239/data/www/yaga.space/ezcashbot/madeline.phar/vendor/amphp/amp/lib/Internal/Placeholder.php(103): Amp\Failure->onResolve(Object(Closure))
#23 phar:///var/www/u0914239/data/www/yaga.space/ezcashbot/madeline.phar/vendor/danog/madelineproto/src/danog/MadelineProto/Coroutine.php(176): danog\MadelineProto\Coroutine->resolve(Object(Amp\Failure))
#24 phar:///var/www/u0914239/data/www/yaga.space/ezcashbot/madeline.phar/vendor/danog/madelineproto/src/danog/MadelineProto/Coroutine.php(159): danog\MadelineProto\Coroutine->fail(Object(danog\MadelineProto\SecurityException))
#25 phar:///var/www/u0914239/data/www/yaga.space/ezcashbot/madeline.phar/vendor/amphp/amp/lib/Failure.php(26): danog\MadelineProto\Coroutine->danog\MadelineProto\{closure}(Object(danog\MadelineProto\SecurityException), NULL)
#26 phar:///var/www/u0914239/data/www/yaga.space/ezcashbot/madeline.phar/vendor/amphp/amp/lib/Internal/Placeholder.php(103): Amp\Failure->onResolve(Object(Closure))
#27 phar:///var/www/u0914239/data/www/yaga.space/ezcashbot/madeline.phar/vendor/danog/madelineproto/src/danog/MadelineProto/Coroutine.php(176): danog\MadelineProto\Coroutine->resolve(Object(Amp\Failure))
#28 phar:///var/www/u0914239/data/www/yaga.space/ezcashbot/madeline.phar/vendor/danog/madelineproto/src/danog/MadelineProto/Coroutine.php(159): danog\MadelineProto\Coroutine->fail(Object(danog\MadelineProto\SecurityException))
#29 phar:///var/www/u0914239/data/www/yaga.space/ezcashbot/madeline.phar/vendor/amphp/amp/lib/Internal/Placeholder.php(107): danog\MadelineProto\Coroutine->danog\MadelineProto\{closure}(Object(danog\MadelineProto\SecurityException), Array)
#30 phar:///var/www/u0914239/data/www/yaga.space/ezcashbot/madeline.phar/vendor/amphp/amp/lib/Deferred.php(41): class@anonymous->resolve(Array)
#31 phar:///var/www/u0914239/data/www/yaga.space/ezcashbot/madeline.phar/vendor/danog/madelineproto/src/danog/MadelineProto/MTProtoSession/ResponseHandler.php(522): Amp\Deferred->resolve(Array)
#32 [internal function]: danog\MadelineProto\MTProtoSession\Session->danog\MadelineProto\MTProtoSession\{closure}()
#33 phar:///var/www/u0914239/data/www/yaga.space/ezcashbot/madeline.phar/vendor/danog/madelineproto/src/danog/MadelineProto/Coroutine.php(73): Generator->current()
#34 phar:///var/www/u0914239/data/www/yaga.space/ezcashbot/madeline.phar/vendor/danog/madelineproto/src/danog/MadelineProto/Tools.php(419): danog\MadelineProto\Coroutine->__construct(Object(Generator))
#35 phar:///var/www/u0914239/data/www/yaga.space/ezcashbot/madeline.phar/vendor/danog/madelineproto/src/danog/MadelineProto/MTProtoSession/ResponseHandler.php(530): danog\MadelineProto\Tools::callFork(Object(Generator))
#36 phar:///var/www/u0914239/data/www/yaga.space/ezcashbot/madeline.phar/vendor/danog/madelineproto/src/danog/MadelineProto/MTProtoSession/ResponseHandler.php(257): danog\MadelineProto\MTProtoSession\Session->handleResponse('\x10\x00\x00\x00\xA3\xC2\x1C^', '\x01\\\x9C\xB7\xA3\xC2\x1C^')
#37 phar:///var/www/u0914239/data/www/yaga.space/ezcashbot/madeline.phar/vendor/amphp/amp/lib/Loop/Driver.php(99): danog\MadelineProto\MTProtoSession\Session->handleMessages('ap', NULL)
#38 phar:///var/www/u0914239/data/www/yaga.space/ezcashbot/madeline.phar/vendor/amphp/amp/lib/Loop/Driver.php(61): Amp\Loop\Driver->tick()
#39 phar:///var/www/u0914239/data/www/yaga.space/ezcashbot/madeline.phar/vendor/amphp/amp/lib/Loop.php(76): Amp\Loop\Driver->run()
#40 phar:///var/www/u0914239/data/www/yaga.space/ezcashbot/madeline.phar/vendor/danog/madelineproto/src/danog/MadelineProto/Tools.php(299): Amp\Loop::run(Object(Closure))
#41 phar:///var/www/u0914239/data/www/yaga.space/ezcashbot/madeline.phar/vendor/danog/madelineproto/src/danog/MadelineProto/Async/AsyncConstruct.php(45): danog\MadelineProto\Tools::wait(Object(danog\MadelineProto\Coroutine))
#42 phar:///var/www/u0914239/data/www/yaga.space/ezcashbot/madeline.phar/vendor/danog/madelineproto/src/danog/MadelineProto/API.php(243): danog\MadelineProto\Async\AsyncConstruct->init()
#43 [internal function]: danog\MadelineProto\API->__destruct()
#44 {main}
[13-Jan-2020 22:18:59 Europe/Moscow] PHP Fatal error:  Uncaught danog\MadelineProto\SecurityException: Auth Failed in phar:///var/www/u0914239/data/www/yaga.space/ezcashbot/madeline.phar/vendor/danog/madelineproto/src/danog/MadelineProto/MTProtoTools/AuthKeyHandler.php:415
Stack trace:
#0 [internal function]: danog\MadelineProto\MTProto->createAuthKey(-1, '2')
#1 phar:///var/www/u0914239/data/www/yaga.space/ezcashbot/madeline.phar/vendor/danog/madelineproto/src/danog/MadelineProto/Coroutine.php(130): Generator->send(Array)
#2 phar:///var/www/u0914239/data/www/yaga.space/ezcashbot/madeline.phar/vendor/amphp/amp/lib/Internal/Placeholder.php(107): danog\MadelineProto\Coroutine->danog\MadelineProto\{closure}(NULL, Array)
#3 phar:///var/www/u0914239/data/www/yaga.space/ezcashbot/madeline.phar/vendor/amphp/amp/lib/Deferred.php(41): class@anonymous->resolve(Array)
#4 phar:///var/www/u0914239/data/www/yaga.space/ezcashbot/madeline.phar/vendor/danog/madelineproto/src/danog/MadelineProto/MTProtoSession/ResponseHandler.php(522): Amp\Deferred->resolve(Array)
#5 [internal fun in phar:///var/www/u0914239/data/www/yaga.space/ezcashbot/madeline.phar/vendor/danog/madelineproto/src/danog/MadelineProto/Tools.php on line 301
[13-Jan-2020 22:19:20 Europe/Moscow] Enabled PHP logging
[13-Jan-2020 22:19:20 Europe/Moscow] Enabled PHP logging
Logger:         	MadelineProto
Logger:         	Copyright (C) 2016-2019 Daniil Gentili
Logger:         	Licensed under AGPLv3
Logger:         	https://github.com/danog/MadelineProto
API:            	Waiting for shared lock of serialization lockfile...
API:            	Shared lock acquired, deserializing...
API:            	Shutting down MadelineProto (normally or due to an exception, idk)
API:            	Shutting down MadelineProto (normally or due to an exception, idk)
[13-Jan-2020 22:22:17 Europe/Moscow] Enabled PHP logging
[13-Jan-2020 22:22:17 Europe/Moscow] Enabled PHP logging
Logger:         	MadelineProto
Logger:         	Copyright (C) 2016-2019 Daniil Gentili
Logger:         	Licensed under AGPLv3
Logger:         	https://github.com/danog/MadelineProto
API:            	Waiting for shared lock of serialization lockfile...
API:            	Shared lock acquired, deserializing...
API:            	Shutting down MadelineProto (normally or due to an exception, idk)
API:            	Shutting down MadelineProto (normally or due to an exception, idk)
[13-Jan-2020 22:22:45 Europe/Moscow] Enabled PHP logging
[13-Jan-2020 22:22:45 Europe/Moscow] Enabled PHP logging
Logger:         	MadelineProto
Logger:         	Copyright (C) 2016-2019 Daniil Gentili
Logger:         	Licensed under AGPLv3
Logger:         	https://github.com/danog/MadelineProto
API:            	Waiting for shared lock of serialization lockfile...
API:            	Shared lock acquired, deserializing...
[13-Jan-2020 22:22:45 Europe/Moscow] Enabled PHP logging
TL:             	Loading TL schemes...
TL:             	Parsing TL_mtproto_v1.tl...
TL:             	CRC32 mismatch (29c1636d, 73f1f8dc) for msg_container#73f1f8dc messages:vector<%Message> = MessageContainer;
TL:             	Parsing TL_telegram_v105.tl...
TL:             	CRC32 mismatch (402d9b47, 37982646) for ipPortSecret#37982646 ipv4:int port:int secret:bytes = IpPort;
TL:             	CRC32 mismatch (020634ce, 4679b65f) for accessPointRule#4679b65f phone_prefix_rules:string dc_id:int ips:vector<IpPort> = AccessPointRule;
TL:             	CRC32 mismatch (066d2808, 5a592a6c) for help.configSimple#5a592a6c date:int expires:int rules:vector<AccessPointRule> = help.ConfigSimple;
TL:             	Parsing TL_secret.tl...
TL:             	Parsing TL_calls.tl...
TL:             	CRC32 mismatch (e8201c08, dbf948c1) for decryptedDataBlock#dbf948c1 random_id:long random_bytes:string flags:# voice_call_id:flags.2?int128 in_seq_no:flags.4?int out_seq_no:flags.4?int recent_received_mask:flags.5?int proto:flags.3?int extra:flags.1?string raw_data:flags.0?string = DecryptedDataBlock;
TL:             	CRC32 mismatch (d20a6f5c, cc0d0e76) for simpleDataBlock#cc0d0e76 random_id:long random_bytes:string raw_data:string = DecryptedDataBlock;
TL:             	Parsing TL_botAPI.tl...
TL:             	Loading TL schemes...
TL:             	Parsing TL_mtproto_v1.tl...
TL:             	CRC32 mismatch (29c1636d, 73f1f8dc) for msg_container#73f1f8dc messages:vector<%Message> = MessageContainer;
TL:             	Parsing TL_telegram_v105.tl...
TL:             	CRC32 mismatch (402d9b47, 37982646) for ipPortSecret#37982646 ipv4:int port:int secret:bytes = IpPort;
TL:             	CRC32 mismatch (020634ce, 4679b65f) for accessPointRule#4679b65f phone_prefix_rules:string dc_id:int ips:vector<IpPort> = AccessPointRule;
TL:             	CRC32 mismatch (066d2808, 5a592a6c) for help.configSimple#5a592a6c date:int expires:int rules:vector<AccessPointRule> = help.ConfigSimple;
TL:             	Parsing TL_secret.tl...
TL:             	Parsing TL_calls.tl...
TL:             	CRC32 mismatch (e8201c08, dbf948c1) for decryptedDataBlock#dbf948c1 random_id:long random_bytes:string flags:# voice_call_id:flags.2?int128 in_seq_no:flags.4?int out_seq_no:flags.4?int recent_received_mask:flags.5?int proto:flags.3?int extra:flags.1?string raw_data:flags.0?string = DecryptedDataBlock;
TL:             	CRC32 mismatch (d20a6f5c, cc0d0e76) for simpleDataBlock#cc0d0e76 random_id:long random_bytes:string raw_data:string = DecryptedDataBlock;
TL:             	Parsing TL_botAPI.tl...
DataCenter:     	Connecting to DC 2 from scratch
DataCenterConnection: 	Trying shared connection via tcp://[2001:067c:04e8:f002:0000:0000:0000:000a]:443 main DC 2, via ipv6 using AbridgedStream => BufferedRawStream => DefaultStream (-1)
Connection:     	Connecting to DC 2.0
API:            	Running APIFactory...
DataCenterConnection: 	Restoring 0 messages to DC 2
DataCenter:     	OK!
MTProto:        	Initing authorization...
MTProto:        	Initing authorization DC 2...
AuthKeyHandler: 	Generating permanent authorization key for DC 2...
AuthKeyHandler: 	Requesting pq...
ResponseHandler: 	Trying to assign a response of type ResPQ to its request...
ResponseHandler: 	Does the request of return type ResPQ match?
ResponseHandler: 	Yes
Exception:      	copy(/var/www/php-bin-php73/u0914239/.alt_prime.py): failed to open stream: Permission denied in PrimeModule.php:113
AuthKeyHandler: 	An exception occurred while generating the authorization key: copy(/var/www/php-bin-php73/u0914239/.alt_prime.py): failed to open stream: Permission denied in PrimeModule on line 113. Retrying...
AuthKeyHandler: 	Requesting pq...
ResponseHandler: 	Trying to assign a response of type ResPQ to its request...
ResponseHandler: 	Does the request of return type ResPQ match?
ResponseHandler: 	Yes
Exception:      	copy(/var/www/php-bin-php73/u0914239/.alt_prime.py): failed to open stream: Permission denied in PrimeModule.php:113
AuthKeyHandler: 	An exception occurred while generating the authorization key: copy(/var/www/php-bin-php73/u0914239/.alt_prime.py): failed to open stream: Permission denied in PrimeModule on line 113. Retrying...
AuthKeyHandler: 	Requesting pq...
ResponseHandler: 	Trying to assign a response of type ResPQ to its request...
ResponseHandler: 	Does the request of return type ResPQ match?
ResponseHandler: 	Yes
Exception:      	copy(/var/www/php-bin-php73/u0914239/.alt_prime.py): failed to open stream: Permission denied in PrimeModule.php:113
AuthKeyHandler: 	An exception occurred while generating the authorization key: copy(/var/www/php-bin-php73/u0914239/.alt_prime.py): failed to open stream: Permission denied in PrimeModule on line 113. Retrying...
AuthKeyHandler: 	Requesting pq...
ResponseHandler: 	Trying to assign a response of type ResPQ to its request...
ResponseHandler: 	Does the request of return type ResPQ match?
ResponseHandler: 	Yes
Exception:      	copy(/var/www/php-bin-php73/u0914239/.alt_prime.py): failed to open stream: Permission denied in PrimeModule.php:113
AuthKeyHandler: 	An exception occurred while generating the authorization key: copy(/var/www/php-bin-php73/u0914239/.alt_prime.py): failed to open stream: Permission denied in PrimeModule on line 113. Retrying...
AuthKeyHandler: 	Requesting pq...
ResponseHandler: 	Trying to assign a response of type ResPQ to its request...
ResponseHandler: 	Does the request of return type ResPQ match?
ResponseHandler: 	Yes
Exception:      	copy(/var/www/php-bin-php73/u0914239/.alt_prime.py): failed to open stream: Permission denied in PrimeModule.php:113
AuthKeyHandler: 	An exception occurred while generating the authorization key: copy(/var/www/php-bin-php73/u0914239/.alt_prime.py): failed to open stream: Permission denied in PrimeModule on line 113. Retrying...
MTProto:        	Done initing authorization DC 2
Tools:          	Got the following exception within a forked strand started @ AsyncConstruct:70, trying to rethrow
Tools:          	danog\MadelineProto\SecurityException: Auth Failed in phar:///var/www/u0914239/data/www/yaga.space/ezcashbot/madeline.phar/vendor/danog/madelineproto/src/danog/MadelineProto/MTProtoTools/AuthKeyHandler.php:415
Stack trace:
#0 [internal function]: danog\MadelineProto\MTProto->createAuthKey(-1, '2')
#1 phar:///var/www/u0914239/data/www/yaga.space/ezcashbot/madeline.phar/vendor/danog/madelineproto/src/danog/MadelineProto/Coroutine.php(130): Generator->send(Array)
#2 phar:///var/www/u0914239/data/www/yaga.space/ezcashbot/madeline.phar/vendor/amphp/amp/lib/Internal/Placeholder.php(107): danog\MadelineProto\Coroutine->danog\MadelineProto\{closure}(NULL, Array)
#3 phar:///var/www/u0914239/data/www/yaga.space/ezcashbot/madeline.phar/vendor/amphp/amp/lib/Deferred.php(41): class@anonymous->resolve(Array)
#4 phar:///var/www/u0914239/data/www/yaga.space/ezcashbot/madeline.phar/vendor/danog/madelineproto/src/danog/MadelineProto/MTProtoSession/ResponseHandler.php(522): Amp\Deferred->resolve(Array)
#5 [internal function]: danog\MadelineProto\MTProtoSession\Session->danog\MadelineProto\MTProtoSession\{closure}()
#6 phar:///var/www/u0914239/data/www/yaga.space/ezcashbot/madeline.phar/vendor/danog/madelineproto/src/danog/MadelineProto/Coroutine.php(73): Generator->current()
#7 phar:///var/www/u0914239/data/www/yaga.space/ezcashbot/madeline.phar/vendor/danog/madelineproto/src/danog/MadelineProto/Tools.php(419): danog\MadelineProto\Coroutine->__construct(Object(Generator))
#8 phar:///var/www/u0914239/data/www/yaga.space/ezcashbot/madeline.phar/vendor/danog/madelineproto/src/danog/MadelineProto/MTProtoSession/ResponseHandler.php(530): danog\MadelineProto\Tools::callFork(Object(Generator))
#9 phar:///var/www/u0914239/data/www/yaga.space/ezcashbot/madeline.phar/vendor/danog/madelineproto/src/danog/MadelineProto/MTProtoSession/ResponseHandler.php(257): danog\MadelineProto\MTProtoSession\Session->handleResponse('\x10\x00\x00\x00\x85\xC3\x1C^', '\x01p\xE6\xE2\x85\xC3\x1C^')
#10 phar:///var/www/u0914239/data/www/yaga.space/ezcashbot/madeline.phar/vendor/amphp/amp/lib/Loop/Driver.php(99): danog\MadelineProto\MTProtoSession\Session->handleMessages('ap', NULL)
#11 phar:///var/www/u0914239/data/www/yaga.space/ezcashbot/madeline.phar/vendor/amphp/amp/lib/Loop/Driver.php(61): Amp\Loop\Driver->tick()
#12 phar:///var/www/u0914239/data/www/yaga.space/ezcashbot/madeline.phar/vendor/amphp/amp/lib/Loop.php(76): Amp\Loop\Driver->run()
#13 phar:///var/www/u0914239/data/www/yaga.space/ezcashbot/madeline.phar/vendor/danog/madelineproto/src/danog/MadelineProto/Tools.php(299): Amp\Loop::run(Object(Closure))
#14 phar:///var/www/u0914239/data/www/yaga.space/ezcashbot/madeline.phar/vendor/danog/madelineproto/src/danog/MadelineProto/Async/AsyncConstruct.php(45): danog\MadelineProto\Tools::wait(Object(danog\MadelineProto\Coroutine))
#15 phar:///var/www/u0914239/data/www/yaga.space/ezcashbot/madeline.phar/vendor/danog/madelineproto/src/danog/MadelineProto/API.php(243): danog\MadelineProto\Async\AsyncConstruct->init()
#16 [internal function]: danog\MadelineProto\API->__destruct()
#17 {main}
API:            	Shutting down MadelineProto (normally or due to an exception, idk)
Tools:          	Got the following exception within a forked strand started @ AsyncConstruct:70, trying to rethrow
Tools:          	danog\MadelineProto\SecurityException: Auth Failed in phar:///var/www/u0914239/data/www/yaga.space/ezcashbot/madeline.phar/vendor/danog/madelineproto/src/danog/MadelineProto/MTProtoTools/AuthKeyHandler.php:415
Stack trace:
#0 [internal function]: danog\MadelineProto\MTProto->createAuthKey(-1, '2')
#1 phar:///var/www/u0914239/data/www/yaga.space/ezcashbot/madeline.phar/vendor/danog/madelineproto/src/danog/MadelineProto/Coroutine.php(130): Generator->send(Array)
#2 phar:///var/www/u0914239/data/www/yaga.space/ezcashbot/madeline.phar/vendor/amphp/amp/lib/Internal/Placeholder.php(107): danog\MadelineProto\Coroutine->danog\MadelineProto\{closure}(NULL, Array)
#3 phar:///var/www/u0914239/data/www/yaga.space/ezcashbot/madeline.phar/vendor/amphp/amp/lib/Deferred.php(41): class@anonymous->resolve(Array)
#4 phar:///var/www/u0914239/data/www/yaga.space/ezcashbot/madeline.phar/vendor/danog/madelineproto/src/danog/MadelineProto/MTProtoSession/ResponseHandler.php(522): Amp\Deferred->resolve(Array)
#5 [internal function]: danog\MadelineProto\MTProtoSession\Session->danog\MadelineProto\MTProtoSession\{closure}()
#6 phar:///var/www/u0914239/data/www/yaga.space/ezcashbot/madeline.phar/vendor/danog/madelineproto/src/danog/MadelineProto/Coroutine.php(73): Generator->current()
#7 phar:///var/www/u0914239/data/www/yaga.space/ezcashbot/madeline.phar/vendor/danog/madelineproto/src/danog/MadelineProto/Tools.php(419): danog\MadelineProto\Coroutine->__construct(Object(Generator))
#8 phar:///var/www/u0914239/data/www/yaga.space/ezcashbot/madeline.phar/vendor/danog/madelineproto/src/danog/MadelineProto/MTProtoSession/ResponseHandler.php(530): danog\MadelineProto\Tools::callFork(Object(Generator))
#9 phar:///var/www/u0914239/data/www/yaga.space/ezcashbot/madeline.phar/vendor/danog/madelineproto/src/danog/MadelineProto/MTProtoSession/ResponseHandler.php(257): danog\MadelineProto\MTProtoSession\Session->handleResponse('\x10\x00\x00\x00\x85\xC3\x1C^', '\x01p\xE6\xE2\x85\xC3\x1C^')
#10 phar:///var/www/u0914239/data/www/yaga.space/ezcashbot/madeline.phar/vendor/amphp/amp/lib/Loop/Driver.php(99): danog\MadelineProto\MTProtoSession\Session->handleMessages('ap', NULL)
#11 phar:///var/www/u0914239/data/www/yaga.space/ezcashbot/madeline.phar/vendor/amphp/amp/lib/Loop/Driver.php(61): Amp\Loop\Driver->tick()
#12 phar:///var/www/u0914239/data/www/yaga.space/ezcashbot/madeline.phar/vendor/amphp/amp/lib/Loop.php(76): Amp\Loop\Driver->run()
#13 phar:///var/www/u0914239/data/www/yaga.space/ezcashbot/madeline.phar/vendor/danog/madelineproto/src/danog/MadelineProto/Tools.php(299): Amp\Loop::run(Object(Closure))
#14 phar:///var/www/u0914239/data/www/yaga.space/ezcashbot/madeline.phar/vendor/danog/madelineproto/src/danog/MadelineProto/Async/AsyncConstruct.php(45): danog\MadelineProto\Tools::wait(Object(danog\MadelineProto\Coroutine))
#15 phar:///var/www/u0914239/data/www/yaga.space/ezcashbot/madeline.phar/vendor/danog/madelineproto/src/danog/MadelineProto/API.php(243): danog\MadelineProto\Async\AsyncConstruct->init()
#16 [internal function]: danog\MadelineProto\API->__destruct()
#17 {main}

Next Error: Loop exceptionally stopped without resolving the promise in phar:///var/www/u0914239/data/www/yaga.space/ezcashbot/madeline.phar/vendor/danog/madelineproto/src/danog/MadelineProto/Tools.php:301
Stack trace:
#0 phar:///var/www/u0914239/data/www/yaga.space/ezcashbot/madeline.phar/vendor/danog/madelineproto/src/danog/MadelineProto/API.php(253): danog\MadelineProto\Tools::wait(Object(danog\MadelineProto\Coroutine), true)
#1 phar:///var/www/u0914239/data/www/yaga.space/ezcashbot/madeline.phar/vendor/danog/madelineproto/src/danog/MadelineProto/API.php(299): danog\MadelineProto\API->__destruct()
#2 [internal function]: danog\MadelineProto\API->__construct_async(NULL, Array, NULL)
#3 phar:///var/www/u0914239/data/www/yaga.space/ezcashbot/madeline.phar/vendor/danog/madelineproto/src/danog/MadelineProto/Coroutine.php(127): Generator->throw(Object(danog\MadelineProto\SecurityException))
#4 phar:///var/www/u0914239/data/www/yaga.space/ezcashbot/madeline.phar/vendor/amphp/amp/lib/Failure.php(26): danog\MadelineProto\Coroutine->danog\MadelineProto\{closure}(Object(danog\MadelineProto\SecurityException), NULL)
#5 phar:///var/www/u0914239/data/www/yaga.space/ezcashbot/madeline.phar/vendor/amphp/amp/lib/Internal/Placeholder.php(103): Amp\Failure->onResolve(Object(Closure))
#6 phar:///var/www/u0914239/data/www/yaga.space/ezcashbot/madeline.phar/vendor/danog/madelineproto/src/danog/MadelineProto/Coroutine.php(176): danog\MadelineProto\Coroutine->resolve(Object(Amp\Failure))
#7 phar:///var/www/u0914239/data/www/yaga.space/ezcashbot/madeline.phar/vendor/danog/madelineproto/src/danog/MadelineProto/Coroutine.php(159): danog\MadelineProto\Coroutine->fail(Object(danog\MadelineProto\SecurityException))
#8 phar:///var/www/u0914239/data/www/yaga.space/ezcashbot/madeline.phar/vendor/amphp/amp/lib/Internal/ResolutionQueue.php(50): danog\MadelineProto\Coroutine->danog\MadelineProto\{closure}(Object(danog\MadelineProto\SecurityException), NULL)
#9 phar:///var/www/u0914239/data/www/yaga.space/ezcashbot/madeline.phar/vendor/amphp/amp/lib/Failure.php(26): Amp\Internal\ResolutionQueue->__invoke(Object(danog\MadelineProto\SecurityException), NULL)
#10 phar:///var/www/u0914239/data/www/yaga.space/ezcashbot/madeline.phar/vendor/amphp/amp/lib/Internal/Placeholder.php(103): Amp\Failure->onResolve(Object(Amp\Internal\ResolutionQueue))
#11 phar:///var/www/u0914239/data/www/yaga.space/ezcashbot/madeline.phar/vendor/danog/madelineproto/src/danog/MadelineProto/Coroutine.php(176): danog\MadelineProto\Coroutine->resolve(Object(Amp\Failure))
#12 phar:///var/www/u0914239/data/www/yaga.space/ezcashbot/madeline.phar/vendor/danog/madelineproto/src/danog/MadelineProto/Coroutine.php(159): danog\MadelineProto\Coroutine->fail(Object(danog\MadelineProto\SecurityException))
#13 phar:///var/www/u0914239/data/www/yaga.space/ezcashbot/madeline.phar/vendor/amphp/amp/lib/Failure.php(26): danog\MadelineProto\Coroutine->danog\MadelineProto\{closure}(Object(danog\MadelineProto\SecurityException), NULL)
#14 phar:///var/www/u0914239/data/www/yaga.space/ezcashbot/madeline.phar/vendor/amphp/amp/lib/Internal/Placeholder.php(103): Amp\Failure->onResolve(Object(Closure))
#15 phar:///var/www/u0914239/data/www/yaga.space/ezcashbot/madeline.phar/vendor/danog/madelineproto/src/danog/MadelineProto/Coroutine.php(176): danog\MadelineProto\Coroutine->resolve(Object(Amp\Failure))
#16 phar:///var/www/u0914239/data/www/yaga.space/ezcashbot/madeline.phar/vendor/danog/madelineproto/src/danog/MadelineProto/Coroutine.php(159): danog\MadelineProto\Coroutine->fail(Object(danog\MadelineProto\SecurityException))
#17 phar:///var/www/u0914239/data/www/yaga.space/ezcashbot/madeline.phar/vendor/amphp/amp/lib/Failure.php(26): danog\MadelineProto\Coroutine->danog\MadelineProto\{closure}(Object(danog\MadelineProto\SecurityException), NULL)
#18 phar:///var/www/u0914239/data/www/yaga.space/ezcashbot/madeline.phar/vendor/amphp/amp/lib/Internal/Placeholder.php(103): Amp\Failure->onResolve(Object(Closure))
#19 phar:///var/www/u0914239/data/www/yaga.space/ezcashbot/madeline.phar/vendor/danog/madelineproto/src/danog/MadelineProto/Coroutine.php(176): danog\MadelineProto\Coroutine->resolve(Object(Amp\Failure))
#20 phar:///var/www/u0914239/data/www/yaga.space/ezcashbot/madeline.phar/vendor/danog/madelineproto/src/danog/MadelineProto/Coroutine.php(159): danog\MadelineProto\Coroutine->fail(Object(danog\MadelineProto\SecurityException))
#21 phar:///var/www/u0914239/data/www/yaga.space/ezcashbot/madeline.phar/vendor/amphp/amp/lib/Failure.php(26): danog\MadelineProto\Coroutine->danog\MadelineProto\{closure}(Object(danog\MadelineProto\SecurityException), NULL)
#22 phar:///var/www/u0914239/data/www/yaga.space/ezcashbot/madeline.phar/vendor/amphp/amp/lib/Internal/Placeholder.php(103): Amp\Failure->onResolve(Object(Closure))
#23 phar:///var/www/u0914239/data/www/yaga.space/ezcashbot/madeline.phar/vendor/danog/madelineproto/src/danog/MadelineProto/Coroutine.php(176): danog\MadelineProto\Coroutine->resolve(Object(Amp\Failure))
#24 phar:///var/www/u0914239/data/www/yaga.space/ezcashbot/madeline.phar/vendor/danog/madelineproto/src/danog/MadelineProto/Coroutine.php(159): danog\MadelineProto\Coroutine->fail(Object(danog\MadelineProto\SecurityException))
#25 phar:///var/www/u0914239/data/www/yaga.space/ezcashbot/madeline.phar/vendor/amphp/amp/lib/Failure.php(26): danog\MadelineProto\Coroutine->danog\MadelineProto\{closure}(Object(danog\MadelineProto\SecurityException), NULL)
#26 phar:///var/www/u0914239/data/www/yaga.space/ezcashbot/madeline.phar/vendor/amphp/amp/lib/Internal/Placeholder.php(103): Amp\Failure->onResolve(Object(Closure))
#27 phar:///var/www/u0914239/data/www/yaga.space/ezcashbot/madeline.phar/vendor/danog/madelineproto/src/danog/MadelineProto/Coroutine.php(176): danog\MadelineProto\Coroutine->resolve(Object(Amp\Failure))
#28 phar:///var/www/u0914239/data/www/yaga.space/ezcashbot/madeline.phar/vendor/danog/madelineproto/src/danog/MadelineProto/Coroutine.php(159): danog\MadelineProto\Coroutine->fail(Object(danog\MadelineProto\SecurityException))
#29 phar:///var/www/u0914239/data/www/yaga.space/ezcashbot/madeline.phar/vendor/amphp/amp/lib/Internal/Placeholder.php(107): danog\MadelineProto\Coroutine->danog\MadelineProto\{closure}(Object(danog\MadelineProto\SecurityException), Array)
#30 phar:///var/www/u0914239/data/www/yaga.space/ezcashbot/madeline.phar/vendor/amphp/amp/lib/Deferred.php(41): class@anonymous->resolve(Array)
#31 phar:///var/www/u0914239/data/www/yaga.space/ezcashbot/madeline.phar/vendor/danog/madelineproto/src/danog/MadelineProto/MTProtoSession/ResponseHandler.php(522): Amp\Deferred->resolve(Array)
#32 [internal function]: danog\MadelineProto\MTProtoSession\Session->danog\MadelineProto\MTProtoSession\{closure}()
#33 phar:///var/www/u0914239/data/www/yaga.space/ezcashbot/madeline.phar/vendor/danog/madelineproto/src/danog/MadelineProto/Coroutine.php(73): Generator->current()
#34 phar:///var/www/u0914239/data/www/yaga.space/ezcashbot/madeline.phar/vendor/danog/madelineproto/src/danog/MadelineProto/Tools.php(419): danog\MadelineProto\Coroutine->__construct(Object(Generator))
#35 phar:///var/www/u0914239/data/www/yaga.space/ezcashbot/madeline.phar/vendor/danog/madelineproto/src/danog/MadelineProto/MTProtoSession/ResponseHandler.php(530): danog\MadelineProto\Tools::callFork(Object(Generator))
#36 phar:///var/www/u0914239/data/www/yaga.space/ezcashbot/madeline.phar/vendor/danog/madelineproto/src/danog/MadelineProto/MTProtoSession/ResponseHandler.php(257): danog\MadelineProto\MTProtoSession\Session->handleResponse('\x10\x00\x00\x00\x85\xC3\x1C^', '\x01p\xE6\xE2\x85\xC3\x1C^')
#37 phar:///var/www/u0914239/data/www/yaga.space/ezcashbot/madeline.phar/vendor/amphp/amp/lib/Loop/Driver.php(99): danog\MadelineProto\MTProtoSession\Session->handleMessages('ap', NULL)
#38 phar:///var/www/u0914239/data/www/yaga.space/ezcashbot/madeline.phar/vendor/amphp/amp/lib/Loop/Driver.php(61): Amp\Loop\Driver->tick()
#39 phar:///var/www/u0914239/data/www/yaga.space/ezcashbot/madeline.phar/vendor/amphp/amp/lib/Loop.php(76): Amp\Loop\Driver->run()
#40 phar:///var/www/u0914239/data/www/yaga.space/ezcashbot/madeline.phar/vendor/danog/madelineproto/src/danog/MadelineProto/Tools.php(299): Amp\Loop::run(Object(Closure))
#41 phar:///var/www/u0914239/data/www/yaga.space/ezcashbot/madeline.phar/vendor/danog/madelineproto/src/danog/MadelineProto/Async/AsyncConstruct.php(45): danog\MadelineProto\Tools::wait(Object(danog\MadelineProto\Coroutine))
#42 phar:///var/www/u0914239/data/www/yaga.space/ezcashbot/madeline.phar/vendor/danog/madelineproto/src/danog/MadelineProto/API.php(243): danog\MadelineProto\Async\AsyncConstruct->init()
#43 [internal function]: danog\MadelineProto\API->__destruct()
#44 {main}
[13-Jan-2020 22:22:45 Europe/Moscow] PHP Fatal error:  Uncaught danog\MadelineProto\SecurityException: Auth Failed in phar:///var/www/u0914239/data/www/yaga.space/ezcashbot/madeline.phar/vendor/danog/madelineproto/src/danog/MadelineProto/MTProtoTools/AuthKeyHandler.php:415
Stack trace:
#0 [internal function]: danog\MadelineProto\MTProto->createAuthKey(-1, '2')
#1 phar:///var/www/u0914239/data/www/yaga.space/ezcashbot/madeline.phar/vendor/danog/madelineproto/src/danog/MadelineProto/Coroutine.php(130): Generator->send(Array)
#2 phar:///var/www/u0914239/data/www/yaga.space/ezcashbot/madeline.phar/vendor/amphp/amp/lib/Internal/Placeholder.php(107): danog\MadelineProto\Coroutine->danog\MadelineProto\{closure}(NULL, Array)
#3 phar:///var/www/u0914239/data/www/yaga.space/ezcashbot/madeline.phar/vendor/amphp/amp/lib/Deferred.php(41): class@anonymous->resolve(Array)
#4 phar:///var/www/u0914239/data/www/yaga.space/ezcashbot/madeline.phar/vendor/danog/madelineproto/src/danog/MadelineProto/MTProtoSession/ResponseHandler.php(522): Amp\Deferred->resolve(Array)
#5 [internal fun in phar:///var/www/u0914239/data/www/yaga.space/ezcashbot/madeline.phar/vendor/danog/madelineproto/src/danog/MadelineProto/Tools.php on line 301
[13-Jan-2020 22:25:42 Europe/Moscow] Enabled PHP logging
[13-Jan-2020 22:25:42 Europe/Moscow] Enabled PHP logging
Logger:         	MadelineProto
Logger:         	Copyright (C) 2016-2019 Daniil Gentili
Logger:         	Licensed under AGPLv3
Logger:         	https://github.com/danog/MadelineProto
API:            	Waiting for shared lock of serialization lockfile...
API:            	Shared lock acquired, deserializing...
API:            	Shutting down MadelineProto (normally or due to an exception, idk)
API:            	Shutting down MadelineProto (normally or due to an exception, idk)
[13-Jan-2020 22:25:56 Europe/Moscow] Enabled PHP logging
[13-Jan-2020 22:25:56 Europe/Moscow] Enabled PHP logging
Logger:         	MadelineProto
Logger:         	Copyright (C) 2016-2019 Daniil Gentili
Logger:         	Licensed under AGPLv3
Logger:         	https://github.com/danog/MadelineProto
API:            	Waiting for shared lock of serialization lockfile...
API:            	Shared lock acquired, deserializing...
API:            	Shutting down MadelineProto (normally or due to an exception, idk)
API:            	Shutting down MadelineProto (normally or due to an exception, idk)
[13-Jan-2020 22:26:02 Europe/Moscow] Enabled PHP logging
[13-Jan-2020 22:26:02 Europe/Moscow] Enabled PHP logging
Logger:         	MadelineProto
Logger:         	Copyright (C) 2016-2019 Daniil Gentili
Logger:         	Licensed under AGPLv3
Logger:         	https://github.com/danog/MadelineProto
API:            	Waiting for shared lock of serialization lockfile...
API:            	Shared lock acquired, deserializing...
[13-Jan-2020 22:26:02 Europe/Moscow] Enabled PHP logging
API:            	Shutting down MadelineProto (normally or due to an exception, idk)
API:            	Shutting down MadelineProto (normally or due to an exception, idk)
[13-Jan-2020 22:26:14 Europe/Moscow] Enabled PHP logging
[13-Jan-2020 22:26:14 Europe/Moscow] Enabled PHP logging
Logger:         	MadelineProto
Logger:         	Copyright (C) 2016-2019 Daniil Gentili
Logger:         	Licensed under AGPLv3
Logger:         	https://github.com/danog/MadelineProto
API:            	Waiting for shared lock of serialization lockfile...
API:            	Shared lock acquired, deserializing...
[13-Jan-2020 22:26:14 Europe/Moscow] Enabled PHP logging
API:            	Shutting down MadelineProto (normally or due to an exception, idk)
Tools:          	Got the following exception within a forked strand started @ AsyncConstruct:70, trying to rethrow
Tools:          	Error: Can't set an application layer protocol list, as PHP is compiled with OpenSSL < 1.0.2. in phar:///var/www/u0914239/data/www/yaga.space/ezcashbot/madeline.phar/vendor/amphp/socket/src/ClientTlsContext.php:322
Stack trace:
#0 phar:///var/www/u0914239/data/www/yaga.space/ezcashbot/madeline.phar/vendor/amphp/http-client/src/Connection/DefaultConnectionFactory.php(67): Amp\Socket\ClientTlsContext->withApplicationLayerProtocols(Array)
#1 [internal function]: Amp\Http\Client\Connection\DefaultConnectionFactory->Amp\Http\Client\Connection\{closure}()
#2 phar:///var/www/u0914239/data/www/yaga.space/ezcashbot/madeline.phar/vendor/amphp/amp/lib/Coroutine.php(46): Generator->current()
#3 phar:///var/www/u0914239/data/www/yaga.space/ezcashbot/madeline.phar/vendor/amphp/amp/lib/functions.php(61): Amp\Coroutine->__construct(Object(Generator))
#4 phar:///var/www/u0914239/data/www/yaga.space/ezcashbot/madeline.phar/vendor/amphp/http-client/src/Connection/DefaultConnectionFactory.php(133): Amp\call(Object(Closure))
#5 phar:///var/www/u0914239/data/www/yaga.space/ezcashbot/madeline.phar/vendor/amphp/http-client/src/Connection/UnlimitedConnectionPool.php(93): Amp\Http\Client\Connection\DefaultConnectionFactory->create(Object(Amp\Http\Client\Request), Object(Amp\NullCancellationToken))
#6 [internal function]: Amp\Http\Client\Connection\UnlimitedConnectionPool->Amp\Http\Client\Connection\{closure}()
#7 phar:///var/www/u0914239/data/www/yaga.space/ezcashbot/madeline.phar/vendor/amphp/amp/lib/Coroutine.php(46): Generator->current()
#8 phar:///var/www/u0914239/data/www/yaga.space/ezcashbot/madeline.phar/vendor/amphp/amp/lib/functions.php(61): Amp\Coroutine->__construct(Object(Generator))
#9 phar:///var/www/u0914239/data/www/yaga.space/ezcashbot/madeline.phar/vendor/amphp/http-client/src/Connection/UnlimitedConnectionPool.php(113): Amp\call(Object(Closure))
#10 phar:///var/www/u0914239/data/www/yaga.space/ezcashbot/madeline.phar/vendor/amphp/http-client/src/PooledHttpClient.php(32): Amp\Http\Client\Connection\UnlimitedConnectionPool->getStream(Object(Amp\Http\Client\Request), Object(Amp\NullCancellationToken))
#11 [internal function]: Amp\Http\Client\PooledHttpClient->Amp\Http\Client\{closure}()
#12 phar:///var/www/u0914239/data/www/yaga.space/ezcashbot/madeline.phar/vendor/amphp/amp/lib/Coroutine.php(46): Generator->current()
#13 phar:///var/www/u0914239/data/www/yaga.space/ezcashbot/madeline.phar/vendor/amphp/amp/lib/functions.php(61): Amp\Coroutine->__construct(Object(Generator))
#14 phar:///var/www/u0914239/data/www/yaga.space/ezcashbot/madeline.phar/vendor/amphp/http-client/src/PooledHttpClient.php(38): Amp\call(Object(Closure))
#15 phar:///var/www/u0914239/data/www/yaga.space/ezcashbot/madeline.phar/vendor/amphp/http-client/src/Interceptor/RetryRequests.php(31): Amp\Http\Client\PooledHttpClient->request(Object(Amp\Http\Client\Request), Object(Amp\NullCancellationToken))
#16 [internal function]: Amp\Http\Client\Interceptor\RetryRequests->Amp\Http\Client\Interceptor\{closure}()
#17 phar:///var/www/u0914239/data/www/yaga.space/ezcashbot/madeline.phar/vendor/amphp/amp/lib/Coroutine.php(46): Generator->current()
#18 phar:///var/www/u0914239/data/www/yaga.space/ezcashbot/madeline.phar/vendor/amphp/amp/lib/functions.php(61): Amp\Coroutine->__construct(Object(Generator))
#19 phar:///var/www/u0914239/data/www/yaga.space/ezcashbot/madeline.phar/vendor/amphp/http-client/src/Interceptor/RetryRequests.php(42): Amp\call(Object(Closure))
#20 phar:///var/www/u0914239/data/www/yaga.space/ezcashbot/madeline.phar/vendor/amphp/http-client/src/InterceptedHttpClient.php(29): Amp\Http\Client\Interceptor\RetryRequests->request(Object(Amp\Http\Client\Request), Object(Amp\NullCancellationToken), Object(Amp\Http\Client\PooledHttpClient))
#21 [internal function]: Amp\Http\Client\InterceptedHttpClient->Amp\Http\Client\{closure}()
#22 phar:///var/www/u0914239/data/www/yaga.space/ezcashbot/madeline.phar/vendor/amphp/amp/lib/Coroutine.php(46): Generator->current()
#23 phar:///var/www/u0914239/data/www/yaga.space/ezcashbot/madeline.phar/vendor/amphp/amp/lib/functions.php(61): Amp\Coroutine->__construct(Object(Generator))
#24 phar:///var/www/u0914239/data/www/yaga.space/ezcashbot/madeline.phar/vendor/amphp/http-client/src/InterceptedHttpClient.php(30): Amp\call(Object(Closure))
#25 phar:///var/www/u0914239/data/www/yaga.space/ezcashbot/madeline.phar/vendor/amphp/http-client/src/Interceptor/FollowRedirects.php(121): Amp\Http\Client\InterceptedHttpClient->request(Object(Amp\Http\Client\Request), Object(Amp\NullCancellationToken))
#26 [internal function]: Amp\Http\Client\Interceptor\FollowRedirects->Amp\Http\Client\Interceptor\{closure}()
#27 phar:///var/www/u0914239/data/www/yaga.space/ezcashbot/madeline.phar/vendor/amphp/amp/lib/Coroutine.php(46): Generator->current()
#28 phar:///var/www/u0914239/data/www/yaga.space/ezcashbot/madeline.phar/vendor/amphp/amp/lib/functions.php(61): Amp\Coroutine->__construct(Object(Generator))
#29 phar:///var/www/u0914239/data/www/yaga.space/ezcashbot/madeline.phar/vendor/amphp/http-client/src/Interceptor/FollowRedirects.php(124): Amp\call(Object(Closure))
#30 phar:///var/www/u0914239/data/www/yaga.space/ezcashbot/madeline.phar/vendor/amphp/http-client/src/InterceptedHttpClient.php(29): Amp\Http\Client\Interceptor\FollowRedirects->request(Object(Amp\Http\Client\Request), Object(Amp\NullCancellationToken), Object(Amp\Http\Client\InterceptedHttpClient))
#31 [internal function]: Amp\Http\Client\InterceptedHttpClient->Amp\Http\Client\{closure}()
#32 phar:///var/www/u0914239/data/www/yaga.space/ezcashbot/madeline.phar/vendor/amphp/amp/lib/Coroutine.php(46): Generator->current()
#33 phar:///var/www/u0914239/data/www/yaga.space/ezcashbot/madeline.phar/vendor/amphp/amp/lib/functions.php(61): Amp\Coroutine->__construct(Object(Generator))
#34 phar:///var/www/u0914239/data/www/yaga.space/ezcashbot/madeline.phar/vendor/amphp/http-client/src/InterceptedHttpClient.php(30): Amp\call(Object(Closure))
#35 phar:///var/www/u0914239/data/www/yaga.space/ezcashbot/madeline.phar/vendor/amphp/http-client/src/Interceptor/ModifyRequest.php(36): Amp\Http\Client\InterceptedHttpClient->request(Object(Amp\Http\Client\Request), Object(Amp\NullCancellationToken))
#36 [internal function]: Amp\Http\Client\Interceptor\ModifyRequest->Amp\Http\Client\Interceptor\{closure}()
#37 phar:///var/www/u0914239/data/www/yaga.space/ezcashbot/madeline.phar/vendor/amphp/amp/lib/Coroutine.php(83): Generator->send(NULL)
#38 phar:///var/www/u0914239/data/www/yaga.space/ezcashbot/madeline.phar/vendor/amphp/amp/lib/Success.php(32): Amp\Coroutine->Amp\{closure}(NULL, NULL)
#39 phar:///var/www/u0914239/data/www/yaga.space/ezcashbot/madeline.phar/vendor/amphp/amp/lib/Coroutine.php(111): Amp\Success->onResolve(Object(Closure))
#40 phar:///var/www/u0914239/data/www/yaga.space/ezcashbot/madeline.phar/vendor/amphp/amp/lib/functions.php(61): Amp\Coroutine->__construct(Object(Generator))
#41 phar:///var/www/u0914239/data/www/yaga.space/ezcashbot/madeline.phar/vendor/amphp/http-client/src/Interceptor/ModifyRequest.php(37): Amp\call(Object(Closure))
#42 phar:///var/www/u0914239/data/www/yaga.space/ezcashbot/madeline.phar/vendor/amphp/http-client/src/InterceptedHttpClient.php(29): Amp\Http\Client\Interceptor\ModifyRequest->request(Object(Amp\Http\Client\Request), Object(Amp\NullCancellationToken), Object(Amp\Http\Client\InterceptedHttpClient))
#43 [internal function]: Amp\Http\Client\InterceptedHttpClient->Amp\Http\Client\{closure}()
#44 phar:///var/www/u0914239/data/www/yaga.space/ezcashbot/madeline.phar/vendor/amphp/amp/lib/Coroutine.php(46): Generator->current()
#45 phar:///var/www/u0914239/data/www/yaga.space/ezcashbot/madeline.phar/vendor/amphp/amp/lib/functions.php(61): Amp\Coroutine->__construct(Object(Generator))
#46 phar:///var/www/u0914239/data/www/yaga.space/ezcashbot/madeline.phar/vendor/amphp/http-client/src/InterceptedHttpClient.php(30): Amp\call(Object(Closure))
#47 phar:///var/www/u0914239/data/www/yaga.space/ezcashbot/madeline.phar/vendor/amphp/http-client/src/HttpClient.php(29): Amp\Http\Client\InterceptedHttpClient->request(Object(Amp\Http\Client\Request), Object(Amp\NullCancellationToken))
#48 phar:///var/www/u0914239/data/www/yaga.space/ezcashbot/madeline.phar/vendor/danog/madelineproto/src/danog/MadelineProto/MyTelegramOrgWrapper.php(90): Amp\Http\Client\HttpClient->request(Object(Amp\Http\Client\Request))
#49 [internal function]: danog\MadelineProto\MyTelegramOrgWrapper->completeLogin('D_Z3UUgAF04')
#50 phar:///var/www/u0914239/data/www/yaga.space/ezcashbot/madeline.phar/vendor/danog/madelineproto/src/danog/MadelineProto/Coroutine.php(73): Generator->current()
#51 phar:///var/www/u0914239/data/www/yaga.space/ezcashbot/madeline.phar/vendor/danog/madelineproto/src/danog/MadelineProto/Coroutine.php(103): danog\MadelineProto\Coroutine->__construct(Object(Generator))
#52 phar:///var/www/u0914239/data/www/yaga.space/ezcashbot/madeline.phar/vendor/danog/madelineproto/src/danog/MadelineProto/Coroutine.php(103): danog\MadelineProto\Coroutine->__construct(Object(Generator))
#53 phar:///var/www/u0914239/data/www/yaga.space/ezcashbot/madeline.phar/vendor/danog/madelineproto/src/danog/MadelineProto/Coroutine.php(149): danog\MadelineProto\Coroutine->__construct(Object(Generator))
#54 phar:///var/www/u0914239/data/www/yaga.space/ezcashbot/madeline.phar/vendor/amphp/amp/lib/Success.php(32): danog\MadelineProto\Coroutine->danog\MadelineProto\{closure}(NULL, true)
#55 phar:///var/www/u0914239/data/www/yaga.space/ezcashbot/madeline.phar/vendor/danog/madelineproto/src/danog/MadelineProto/Coroutine.php(166): Amp\Success->onResolve(Object(Closure))
#56 phar:///var/www/u0914239/data/www/yaga.space/ezcashbot/madeline.phar/vendor/danog/madelineproto/src/danog/MadelineProto/Tools.php(419): danog\MadelineProto\Coroutine->__construct(Object(Generator))
#57 phar:///var/www/u0914239/data/www/yaga.space/ezcashbot/madeline.phar/vendor/danog/madelineproto/src/danog/MadelineProto/Async/AsyncConstruct.php(70): danog\MadelineProto\Tools::callFork(Object(Generator))
#58 phar:///var/www/u0914239/data/www/yaga.space/ezcashbot/madeline.phar/vendor/danog/madelineproto/src/danog/MadelineProto/API.php(83): danog\MadelineProto\Async\AsyncConstruct->setInitPromise(Object(Generator))
#59 phar:///var/www/u0914239/data/www/yaga.space/ezcashbot/madeline.phar/vendor/danog/magicalserializer/src/danog/Serializable.php(34): danog\MadelineProto\API->__magic_construct('session.madelin...')
#60 /var/www/u0914239/data/www/yaga.space/ezcashbot/1stcomp.php(26): danog\MadelineProto\API->__construct('session.madelin...')
#61 {main}
[13-Jan-2020 22:26:14 Europe/Moscow] PHP Fatal error:  Uncaught Error: Can't set an application layer protocol list, as PHP is compiled with OpenSSL < 1.0.2. in phar:///var/www/u0914239/data/www/yaga.space/ezcashbot/madeline.phar/vendor/amphp/socket/src/ClientTlsContext.php:322
Stack trace:
#0 phar:///var/www/u0914239/data/www/yaga.space/ezcashbot/madeline.phar/vendor/amphp/http-client/src/Connection/DefaultConnectionFactory.php(67): Amp\Socket\ClientTlsContext->withApplicationLayerProtocols(Array)
#1 [internal function]: Amp\Http\Client\Connection\DefaultConnectionFactory->Amp\Http\Client\Connection\{closure}()
#2 phar:///var/www/u0914239/data/www/yaga.space/ezcashbot/madeline.phar/vendor/amphp/amp/lib/Coroutine.php(46): Generator->current()
#3 phar:///var/www/u0914239/data/www/yaga.space/ezcashbot/madeline.phar/vendor/amphp/amp/lib/functions.php(61): Amp\Coroutine->__construct(Object(Generator))
#4 phar:///var/www/u0914239/data/www/yaga.space/ezcashbot/madeline.phar/vendor/amphp/http-client/src/Connection/DefaultConnectionFactory.php(133): Amp\call(Object(Closu in phar:///var/www/u0914239/data/www/yaga.space/ezcashbot/madeline.phar/vendor/danog/madelineproto/src/danog/MadelineProto/Tools.php on line 301
[13-Jan-2020 22:26:22 Europe/Moscow] Enabled PHP logging
[13-Jan-2020 22:26:22 Europe/Moscow] Enabled PHP logging
Logger:         	MadelineProto
Logger:         	Copyright (C) 2016-2019 Daniil Gentili
Logger:         	Licensed under AGPLv3
Logger:         	https://github.com/danog/MadelineProto
API:            	Waiting for shared lock of serialization lockfile...
API:            	Shared lock acquired, deserializing...
[13-Jan-2020 22:26:22 Europe/Moscow] Enabled PHP logging
API:            	Shutting down MadelineProto (normally or due to an exception, idk)
API:            	Shutting down MadelineProto (normally or due to an exception, idk)
[13-Jan-2020 23:44:49 Europe/Moscow] Enabled PHP logging
[13-Jan-2020 23:44:49 Europe/Moscow] Enabled PHP logging
Logger:         	MadelineProto
Logger:         	Copyright (C) 2016-2019 Daniil Gentili
Logger:         	Licensed under AGPLv3
Logger:         	https://github.com/danog/MadelineProto
API:            	Waiting for shared lock of serialization lockfile...
API:            	Shared lock acquired, deserializing...
API:            	Shutting down MadelineProto (normally or due to an exception, idk)
API:            	Shutting down MadelineProto (normally or due to an exception, idk)
